{
  "stats": {
    "suites": 1,
    "tests": 2,
    "passes": 2,
    "pending": 0,
    "failures": 0,
    "start": "2023-05-03T08:13:35.059Z",
    "end": "2023-05-03T08:13:46.097Z",
    "duration": 11038,
    "testsRegistered": 2,
    "passPercent": 100,
    "pendingPercent": 0,
    "other": 0,
    "hasOther": false,
    "skipped": 0,
    "hasSkipped": false
  },
  "results": [
    {
      "uuid": "25e310d3-8a52-40c4-ad7e-cb1370d03931",
      "title": "",
      "fullFile": "cypress/integration/testcases/Login.js",
      "file": "cypress/integration/testcases/Login.js",
      "beforeHooks": [],
      "afterHooks": [],
      "tests": [],
      "suites": [
        {
          "uuid": "6e3b18e7-a456-4ff7-88e6-c8795db11d0b",
          "title": "LP Sanity Test",
          "fullFile": "",
          "file": "",
          "beforeHooks": [],
          "afterHooks": [],
          "tests": [
            {
              "title": "C8727: LP - Login - Validate login with Multiple customers",
              "fullTitle": "LP Sanity Test C8727: LP - Login - Validate login with Multiple customers",
              "timedOut": null,
              "duration": 10990,
              "state": "passed",
              "speed": "slow",
              "pass": true,
              "fail": false,
              "pending": false,
              "context": null,
              "code": "const loginPage = new _LoginPage.default();\ncy.visit('/');\ncy.url().should('include', 'leadperfection');\nloginPage.getusername().type(cred.username).should('have.value', cred.username);\nloginPage.getpassword().type(cred.password);\nloginPage.getloginbutton().click({\n  force: true\n});",
              "err": {},
              "uuid": "4f1a2cb6-8faa-456d-9f1b-bcfb8ad255e5",
              "parentUUID": "6e3b18e7-a456-4ff7-88e6-c8795db11d0b",
              "isHook": false,
              "skipped": false
            },
            {
              "title": "C8720: LP - Prospects - Lead Entry Form - Create a new lead",
              "fullTitle": "LP Sanity Test C8720: LP - Prospects - Lead Entry Form - Create a new lead",
              "timedOut": null,
              "duration": 34,
              "state": "passed",
              "speed": "fast",
              "pass": true,
              "fail": false,
              "pending": false,
              "context": null,
              "code": "cy.visit('/');\ncy.url().should('include', 'LP');",
              "err": {},
              "uuid": "cda00a03-889a-4088-ade7-1007db02e660",
              "parentUUID": "6e3b18e7-a456-4ff7-88e6-c8795db11d0b",
              "isHook": false,
              "skipped": false
            }
          ],
          "suites": [],
          "passes": [
            "4f1a2cb6-8faa-456d-9f1b-bcfb8ad255e5",
            "cda00a03-889a-4088-ade7-1007db02e660"
          ],
          "failures": [],
          "pending": [],
          "skipped": [],
          "duration": 11024,
          "root": false,
          "rootEmpty": false,
          "_timeout": 2000
        }
      ],
      "passes": [],
      "failures": [],
      "pending": [],
      "skipped": [],
      "duration": 0,
      "root": true,
      "rootEmpty": true,
      "_timeout": 2000
    }
  ],
  "meta": {
    "mocha": {
      "version": "7.0.1"
    },
    "mochawesome": {
      "options": {
        "quiet": false,
        "reportFilename": "mochawesome",
        "saveHtml": false,
        "saveJson": true,
        "consoleReporter": "spec",
        "useInlineDiffs": false,
        "code": true
      },
      "version": "7.1.3"
    },
    "marge": {
      "options": {
        "reportDir": "cypress/results",
        "overwrite": false,
        "html": false,
        "json": true
      },
      "version": "6.2.0"
    }
  }
}