{
  "stats": {
    "suites": 0,
    "tests": 2,
    "passes": 1,
    "pending": 0,
    "failures": 1,
    "start": "2023-05-03T06:41:18.389Z",
    "end": "2023-05-03T06:41:21.700Z",
    "duration": 3311,
    "testsRegistered": 2,
    "passPercent": 50,
    "pendingPercent": 0,
    "other": 0,
    "hasOther": false,
    "skipped": 0,
    "hasSkipped": false
  },
  "results": [
    {
      "uuid": "7cb8065b-4565-4780-be7e-5ec246aac4ab",
      "title": "",
      "fullFile": "cypress/integration/testcases/Login.js",
      "file": "cypress/integration/testcases/Login.js",
      "beforeHooks": [],
      "afterHooks": [],
      "tests": [
        {
          "title": "C8727: LP - Login - Validate login with Multiple customers",
          "fullTitle": "C8727: LP - Login - Validate login with Multiple customers",
          "timedOut": null,
          "duration": 138,
          "state": "failed",
          "speed": null,
          "pass": false,
          "fail": true,
          "pending": false,
          "context": null,
          "code": "cy.visit();",
          "err": {
            "message": "CypressError: `cy.visit()` must be called with a `url` or an `options` object containing a `url` as its 1st argument\n\nhttps://on.cypress.io/visit",
            "estack": "CypressError: `cy.visit()` must be called with a `url` or an `options` object containing a `url` as its 1st argument\n\nhttps://on.cypress.io/visit\n    at Context.visit (https://i417aw.leadperfection.com/__cypress/runner/cypress_runner.js:147702:78)\n    at wrapped (https://i417aw.leadperfection.com/__cypress/runner/cypress_runner.js:161010:43)\nFrom Your Spec Code:\n    at Context.eval (webpack:///./cypress/integration/testcases/Login.js:2:7)",
            "diff": null
          },
          "uuid": "168943de-9b9a-4cec-968a-0d443bcefc19",
          "parentUUID": "7cb8065b-4565-4780-be7e-5ec246aac4ab",
          "isHook": false,
          "skipped": false
        },
        {
          "title": "C8720: LP - Prospects - Lead Entry Form - Create a new lead",
          "fullTitle": "C8720: LP - Prospects - Lead Entry Form - Create a new lead",
          "timedOut": null,
          "duration": 2296,
          "state": "passed",
          "speed": "fast",
          "pass": true,
          "fail": false,
          "pending": false,
          "context": null,
          "code": "cy.visit('https://example.cypress.io');\n//cy.contains('TestRail');",
          "err": {},
          "uuid": "75825baf-9b50-4a26-b4bd-d68dedeb9c0d",
          "parentUUID": "7cb8065b-4565-4780-be7e-5ec246aac4ab",
          "isHook": false,
          "skipped": false
        }
      ],
      "suites": [],
      "passes": [
        "75825baf-9b50-4a26-b4bd-d68dedeb9c0d"
      ],
      "failures": [
        "168943de-9b9a-4cec-968a-0d443bcefc19"
      ],
      "pending": [],
      "skipped": [],
      "duration": 2434,
      "root": true,
      "rootEmpty": false,
      "_timeout": 2000
    }
  ],
  "meta": {
    "mocha": {
      "version": "7.0.1"
    },
    "mochawesome": {
      "options": {
        "quiet": false,
        "reportFilename": "mochawesome",
        "saveHtml": false,
        "saveJson": true,
        "consoleReporter": "spec",
        "useInlineDiffs": false,
        "code": true
      },
      "version": "7.1.3"
    },
    "marge": {
      "options": {
        "reportDir": "cypress/results",
        "overwrite": false,
        "html": false,
        "json": true
      },
      "version": "6.2.0"
    }
  }
}