{
  "stats": {
    "suites": 1,
    "tests": 2,
    "passes": 1,
    "pending": 0,
    "failures": 1,
    "start": "2023-05-03T07:47:32.523Z",
    "end": "2023-05-03T07:47:53.536Z",
    "duration": 21013,
    "testsRegistered": 2,
    "passPercent": 50,
    "pendingPercent": 0,
    "other": 0,
    "hasOther": false,
    "skipped": 0,
    "hasSkipped": false
  },
  "results": [
    {
      "uuid": "1f604aab-7cd8-4c81-9551-c457400d61f8",
      "title": "",
      "fullFile": "cypress/integration/testcases/Login.js",
      "file": "cypress/integration/testcases/Login.js",
      "beforeHooks": [],
      "afterHooks": [],
      "tests": [],
      "suites": [
        {
          "uuid": "4187adf6-0d51-49f0-a099-478ee0aa0ac8",
          "title": "LP Sanity Test",
          "fullFile": "",
          "file": "",
          "beforeHooks": [],
          "afterHooks": [],
          "tests": [
            {
              "title": "C8727: LP - Login - Validate login with Multiple customers",
              "fullTitle": "LP Sanity Test C8727: LP - Login - Validate login with Multiple customers",
              "timedOut": null,
              "duration": 15090,
              "state": "failed",
              "speed": null,
              "pass": false,
              "fail": true,
              "pending": false,
              "context": null,
              "code": "const loginPage = new _LoginPage.default();\ncy.visit('/');\ncy.url().should('include', 'LP');\nloginPage.getusername().type(cred.username).should('have.value', cred.username);\nloginPage.getpassword().type(cred.password);\nloginPage.getloginbutton().click({\n  force: true\n});",
              "err": {
                "message": "AssertionError: Timed out retrying after 4000ms: expected 'https://i417aw.leadperfection.com/Login.aspx?ReturnUrl=%2f' to include 'LP'",
                "estack": "AssertionError: Timed out retrying after 4000ms: expected 'https://i417aw.leadperfection.com/Login.aspx?ReturnUrl=%2f' to include 'LP'\n    at Context.eval (webpack:///./cypress/integration/testcases/Login.js:11:13)",
                "diff": null
              },
              "uuid": "65884075-cf38-40c5-9f2c-88ec2eb4acea",
              "parentUUID": "4187adf6-0d51-49f0-a099-478ee0aa0ac8",
              "isHook": false,
              "skipped": false
            },
            {
              "title": "C8720: LP - Prospects - Lead Entry Form - Create a new lead",
              "fullTitle": "LP Sanity Test C8720: LP - Prospects - Lead Entry Form - Create a new lead",
              "timedOut": null,
              "duration": 5892,
              "state": "passed",
              "speed": "medium",
              "pass": true,
              "fail": false,
              "pending": false,
              "context": null,
              "code": "cy.visit('/');\n//cy.contains('TestRail');",
              "err": {},
              "uuid": "c0934d0e-052b-4bb8-8df6-0ebd5f710cf1",
              "parentUUID": "4187adf6-0d51-49f0-a099-478ee0aa0ac8",
              "isHook": false,
              "skipped": false
            }
          ],
          "suites": [],
          "passes": [
            "c0934d0e-052b-4bb8-8df6-0ebd5f710cf1"
          ],
          "failures": [
            "65884075-cf38-40c5-9f2c-88ec2eb4acea"
          ],
          "pending": [],
          "skipped": [],
          "duration": 20982,
          "root": false,
          "rootEmpty": false,
          "_timeout": 2000
        }
      ],
      "passes": [],
      "failures": [],
      "pending": [],
      "skipped": [],
      "duration": 0,
      "root": true,
      "rootEmpty": true,
      "_timeout": 2000
    }
  ],
  "meta": {
    "mocha": {
      "version": "7.0.1"
    },
    "mochawesome": {
      "options": {
        "quiet": false,
        "reportFilename": "mochawesome",
        "saveHtml": false,
        "saveJson": true,
        "consoleReporter": "spec",
        "useInlineDiffs": false,
        "code": true
      },
      "version": "7.1.3"
    },
    "marge": {
      "options": {
        "reportDir": "cypress/results",
        "overwrite": false,
        "html": false,
        "json": true
      },
      "version": "6.2.0"
    }
  }
}