{
  "stats": {
    "suites": 0,
    "tests": 2,
    "passes": 1,
    "pending": 0,
    "failures": 1,
    "start": "2023-05-03T06:28:24.187Z",
    "end": "2023-05-03T06:28:30.790Z",
    "duration": 6603,
    "testsRegistered": 2,
    "passPercent": 50,
    "pendingPercent": 0,
    "other": 0,
    "hasOther": false,
    "skipped": 0,
    "hasSkipped": false
  },
  "results": [
    {
      "uuid": "020b5718-f385-41ef-a0a4-c20855d93512",
      "title": "",
      "fullFile": "cypress/integration/testcases/Tc01.js",
      "file": "cypress/integration/testcases/Tc01.js",
      "beforeHooks": [],
      "afterHooks": [],
      "tests": [
        {
          "title": "C8727: LP - Login - Validate login with Multiple customers",
          "fullTitle": "C8727: LP - Login - Validate login with Multiple customers",
          "timedOut": null,
          "duration": 1454,
          "state": "passed",
          "speed": "fast",
          "pass": true,
          "fail": false,
          "pending": false,
          "context": null,
          "code": "cy.visit('https://example.cypress.io');",
          "err": {},
          "uuid": "a1568839-98e3-484f-bc27-c8bb520021c1",
          "parentUUID": "020b5718-f385-41ef-a0a4-c20855d93512",
          "isHook": false,
          "skipped": false
        },
        {
          "title": "C8720: LP - Prospects - Lead Entry Form - Create a new lead",
          "fullTitle": "C8720: LP - Prospects - Lead Entry Form - Create a new lead",
          "timedOut": null,
          "duration": 4246,
          "state": "failed",
          "speed": null,
          "pass": false,
          "fail": true,
          "pending": false,
          "context": null,
          "code": "cy.visit('https://example.cypress.io');\ncy.contains('TestRail');",
          "err": {
            "message": "AssertionError: Timed out retrying after 4000ms: Expected to find content: 'TestRail' but never did.",
            "estack": "AssertionError: Timed out retrying after 4000ms: Expected to find content: 'TestRail' but never did.\n    at Context.eval (webpack:///./cypress/integration/testcases/Tc01.js:8:7)",
            "diff": null
          },
          "uuid": "f1a1fde1-5430-4fc6-8ae9-bc909c6c5c22",
          "parentUUID": "020b5718-f385-41ef-a0a4-c20855d93512",
          "isHook": false,
          "skipped": false
        }
      ],
      "suites": [],
      "passes": [
        "a1568839-98e3-484f-bc27-c8bb520021c1"
      ],
      "failures": [
        "f1a1fde1-5430-4fc6-8ae9-bc909c6c5c22"
      ],
      "pending": [],
      "skipped": [],
      "duration": 5700,
      "root": true,
      "rootEmpty": false,
      "_timeout": 2000
    }
  ],
  "meta": {
    "mocha": {
      "version": "7.0.1"
    },
    "mochawesome": {
      "options": {
        "quiet": false,
        "reportFilename": "mochawesome",
        "saveHtml": false,
        "saveJson": true,
        "consoleReporter": "spec",
        "useInlineDiffs": false,
        "code": true
      },
      "version": "7.1.3"
    },
    "marge": {
      "options": {
        "reportDir": "cypress/results",
        "overwrite": false,
        "html": false,
        "json": true
      },
      "version": "6.2.0"
    }
  }
}