{
  "stats": {
    "suites": 1,
    "tests": 3,
    "passes": 2,
    "pending": 1,
    "failures": 0,
    "start": "2023-05-03T18:59:47.255Z",
    "end": "2023-05-03T18:59:59.086Z",
    "duration": 11831,
    "testsRegistered": 3,
    "passPercent": 100,
    "pendingPercent": 33.33333333333333,
    "other": 0,
    "hasOther": false,
    "skipped": 0,
    "hasSkipped": false
  },
  "results": [
    {
      "uuid": "308ca7da-0b99-439f-9df6-31a7892b2ab1",
      "title": "",
      "fullFile": "cypress/integration/RenuityCRM/tests/Login.js",
      "file": "cypress/integration/RenuityCRM/tests/Login.js",
      "beforeHooks": [],
      "afterHooks": [],
      "tests": [],
      "suites": [
        {
          "uuid": "259112f9-95a1-4b94-a898-5e957c0e46dd",
          "title": "Login page tests",
          "fullFile": "",
          "file": "",
          "beforeHooks": [],
          "afterHooks": [],
          "tests": [
            {
              "title": "C11999: should show empty field error messages<smoke>",
              "fullTitle": "Login page tests C11999: should show empty field error messages<smoke>",
              "timedOut": null,
              "duration": 9983,
              "state": "passed",
              "speed": "medium",
              "pass": true,
              "fail": false,
              "pending": false,
              "context": null,
              "code": "loginPage.clicksubmit();\nloginPage.getLoginFailureError().should('contain.text', 'Invalid Username/Password');",
              "err": {},
              "uuid": "9e979ddc-0763-40c8-9fc7-1f5780fd5e04",
              "parentUUID": "259112f9-95a1-4b94-a898-5e957c0e46dd",
              "isHook": false,
              "skipped": false
            },
            {
              "title": "C12000: should show invalid email or password error message<smoke><sanity><regression>",
              "fullTitle": "Login page tests C12000: should show invalid email or password error message<smoke><sanity><regression>",
              "timedOut": null,
              "duration": 1818,
              "state": "passed",
              "speed": "fast",
              "pass": true,
              "fail": false,
              "pending": false,
              "context": null,
              "code": "loginPage.loginUser('incorrect@email.com', 'incorrect-password');\nloginPage.getLoginFailureError().should('contain.text', 'Invalid Username/Password');",
              "err": {},
              "uuid": "55e6ca6e-10d4-4885-9d93-1df8a19d7163",
              "parentUUID": "259112f9-95a1-4b94-a898-5e957c0e46dd",
              "isHook": false,
              "skipped": false
            },
            {
              "title": "C12001: user can successfully login and redirected to dashboard<regression>",
              "fullTitle": "Login page tests C12001: user can successfully login and redirected to dashboard<regression>",
              "timedOut": null,
              "duration": 0,
              "state": "pending",
              "speed": null,
              "pass": false,
              "fail": false,
              "pending": true,
              "context": null,
              "code": "loginPage.loginUser(cred.username, cred.password);\ncy.url().should('not.include', 'Login');\ncy.wait(5000);\nloginPage.logoutUser();",
              "err": {},
              "uuid": "703ca3e0-bef3-4773-9145-669b327a5d90",
              "parentUUID": "259112f9-95a1-4b94-a898-5e957c0e46dd",
              "isHook": false,
              "skipped": false
            }
          ],
          "suites": [],
          "passes": [
            "9e979ddc-0763-40c8-9fc7-1f5780fd5e04",
            "55e6ca6e-10d4-4885-9d93-1df8a19d7163"
          ],
          "failures": [],
          "pending": [
            "703ca3e0-bef3-4773-9145-669b327a5d90"
          ],
          "skipped": [],
          "duration": 11801,
          "root": false,
          "rootEmpty": false,
          "_timeout": 2000
        }
      ],
      "passes": [],
      "failures": [],
      "pending": [],
      "skipped": [],
      "duration": 0,
      "root": true,
      "rootEmpty": true,
      "_timeout": 2000
    }
  ],
  "meta": {
    "mocha": {
      "version": "7.0.1"
    },
    "mochawesome": {
      "options": {
        "quiet": false,
        "reportFilename": "mochawesome",
        "saveHtml": false,
        "saveJson": true,
        "consoleReporter": "spec",
        "useInlineDiffs": false,
        "code": true
      },
      "version": "7.1.3"
    },
    "marge": {
      "options": {
        "reportDir": "cypress/results",
        "overwrite": false,
        "html": false,
        "json": true
      },
      "version": "6.2.0"
    }
  }
}