{
  "stats": {
    "suites": 1,
    "tests": 3,
    "passes": 2,
    "pending": 1,
    "failures": 0,
    "start": "2023-05-03T19:05:42.819Z",
    "end": "2023-05-03T19:06:05.930Z",
    "duration": 23111,
    "testsRegistered": 3,
    "passPercent": 100,
    "pendingPercent": 33.33333333333333,
    "other": 0,
    "hasOther": false,
    "skipped": 0,
    "hasSkipped": false
  },
  "results": [
    {
      "uuid": "1f19461a-b9a2-40d9-b8ad-c4f6a7ccbb5d",
      "title": "",
      "fullFile": "cypress/integration/RenuityCRM/tests/Login.js",
      "file": "cypress/integration/RenuityCRM/tests/Login.js",
      "beforeHooks": [],
      "afterHooks": [],
      "tests": [],
      "suites": [
        {
          "uuid": "201689e7-c91e-499e-a619-2f70e8d33558",
          "title": "Login page tests",
          "fullFile": "",
          "file": "",
          "beforeHooks": [],
          "afterHooks": [],
          "tests": [
            {
              "title": "C11999: should show empty field error messages<smoke>",
              "fullTitle": "Login page tests C11999: should show empty field error messages<smoke>",
              "timedOut": null,
              "duration": 0,
              "state": "pending",
              "speed": null,
              "pass": false,
              "fail": false,
              "pending": true,
              "context": null,
              "code": "loginPage.clicksubmit();\nloginPage.getLoginFailureError().should('contain.text', 'Invalid Username/Password');",
              "err": {},
              "uuid": "9f995626-2522-4f3c-bec9-383b19704c47",
              "parentUUID": "201689e7-c91e-499e-a619-2f70e8d33558",
              "isHook": false,
              "skipped": false
            },
            {
              "title": "C12000: should show invalid email or password error message<smoke><sanity><regression>",
              "fullTitle": "Login page tests C12000: should show invalid email or password error message<smoke><sanity><regression>",
              "timedOut": null,
              "duration": 11898,
              "state": "passed",
              "speed": "slow",
              "pass": true,
              "fail": false,
              "pending": false,
              "context": null,
              "code": "loginPage.loginUser('incorrect@email.com', 'incorrect-password');\nloginPage.getLoginFailureError().should('contain.text', 'Invalid Username/Password');",
              "err": {},
              "uuid": "a605a2ca-1cad-4f9d-8b53-af8021cb597e",
              "parentUUID": "201689e7-c91e-499e-a619-2f70e8d33558",
              "isHook": false,
              "skipped": false
            },
            {
              "title": "C12001: user can successfully login and redirected to dashboard<regression>",
              "fullTitle": "Login page tests C12001: user can successfully login and redirected to dashboard<regression>",
              "timedOut": null,
              "duration": 11136,
              "state": "passed",
              "speed": "slow",
              "pass": true,
              "fail": false,
              "pending": false,
              "context": null,
              "code": "loginPage.loginUser(cred.username, cred.password);\ncy.url().should('not.include', 'Login');\ncy.wait(5000);\nloginPage.logoutUser();",
              "err": {},
              "uuid": "77d25922-e888-48ce-857c-fb23a185cc3a",
              "parentUUID": "201689e7-c91e-499e-a619-2f70e8d33558",
              "isHook": false,
              "skipped": false
            }
          ],
          "suites": [],
          "passes": [
            "a605a2ca-1cad-4f9d-8b53-af8021cb597e",
            "77d25922-e888-48ce-857c-fb23a185cc3a"
          ],
          "failures": [],
          "pending": [
            "9f995626-2522-4f3c-bec9-383b19704c47"
          ],
          "skipped": [],
          "duration": 23034,
          "root": false,
          "rootEmpty": false,
          "_timeout": 2000
        }
      ],
      "passes": [],
      "failures": [],
      "pending": [],
      "skipped": [],
      "duration": 0,
      "root": true,
      "rootEmpty": true,
      "_timeout": 2000
    }
  ],
  "meta": {
    "mocha": {
      "version": "7.0.1"
    },
    "mochawesome": {
      "options": {
        "quiet": false,
        "reportFilename": "mochawesome",
        "saveHtml": false,
        "saveJson": true,
        "consoleReporter": "spec",
        "useInlineDiffs": false,
        "code": true
      },
      "version": "7.1.3"
    },
    "marge": {
      "options": {
        "reportDir": "cypress/results",
        "overwrite": false,
        "html": false,
        "json": true
      },
      "version": "6.2.0"
    }
  }
}