{
  "stats": {
    "suites": 1,
    "tests": 2,
    "passes": 1,
    "pending": 0,
    "failures": 1,
    "start": "2023-05-03T07:40:33.929Z",
    "end": "2023-05-03T07:40:56.152Z",
    "duration": 22223,
    "testsRegistered": 2,
    "passPercent": 50,
    "pendingPercent": 0,
    "other": 0,
    "hasOther": false,
    "skipped": 0,
    "hasSkipped": false
  },
  "results": [
    {
      "uuid": "74069031-8ac6-4584-bd83-c2f413c1acf3",
      "title": "",
      "fullFile": "cypress/integration/testcases/Login.js",
      "file": "cypress/integration/testcases/Login.js",
      "beforeHooks": [],
      "afterHooks": [],
      "tests": [],
      "suites": [
        {
          "uuid": "09fb2bfd-cdf2-451c-9f37-559afbcd1d02",
          "title": "LP Sanity Test",
          "fullFile": "",
          "file": "",
          "beforeHooks": [],
          "afterHooks": [],
          "tests": [
            {
              "title": "C8727: LP - Login - Validate login with Multiple customers",
              "fullTitle": "LP Sanity Test C8727: LP - Login - Validate login with Multiple customers",
              "timedOut": null,
              "duration": 21086,
              "state": "failed",
              "speed": null,
              "pass": false,
              "fail": true,
              "pending": false,
              "context": null,
              "code": "const loginPage = new _LoginPage.default();\ncy.visit('/');\ncy.url().should('include', 'LP');\nloginPage.getusername().type(cred.username).should('have.value', cred.username);\nloginPage.getpassword().type(cred.password);\nloginPage.getloginbutton().click({\n  force: true\n});",
              "err": {
                "message": "AssertionError: Timed out retrying after 4000ms: expected 'https://i417aw.leadperfection.com/Login.aspx?ReturnUrl=%2f' to include 'LP'",
                "estack": "AssertionError: Timed out retrying after 4000ms: expected 'https://i417aw.leadperfection.com/Login.aspx?ReturnUrl=%2f' to include 'LP'\n    at Context.eval (webpack:///./cypress/integration/testcases/Login.js:11:13)",
                "diff": null
              },
              "uuid": "9b0ea0f8-9b35-466c-9378-d18e67c0609c",
              "parentUUID": "09fb2bfd-cdf2-451c-9f37-559afbcd1d02",
              "isHook": false,
              "skipped": false
            },
            {
              "title": "C8720: LP - Prospects - Lead Entry Form - Create a new lead",
              "fullTitle": "LP Sanity Test C8720: LP - Prospects - Lead Entry Form - Create a new lead",
              "timedOut": null,
              "duration": 1116,
              "state": "passed",
              "speed": "fast",
              "pass": true,
              "fail": false,
              "pending": false,
              "context": null,
              "code": "cy.visit('/');\n//cy.contains('TestRail');",
              "err": {},
              "uuid": "b0f84092-4276-4076-99da-2c7052b3280c",
              "parentUUID": "09fb2bfd-cdf2-451c-9f37-559afbcd1d02",
              "isHook": false,
              "skipped": false
            }
          ],
          "suites": [],
          "passes": [
            "b0f84092-4276-4076-99da-2c7052b3280c"
          ],
          "failures": [
            "9b0ea0f8-9b35-466c-9378-d18e67c0609c"
          ],
          "pending": [],
          "skipped": [],
          "duration": 22202,
          "root": false,
          "rootEmpty": false,
          "_timeout": 2000
        }
      ],
      "passes": [],
      "failures": [],
      "pending": [],
      "skipped": [],
      "duration": 0,
      "root": true,
      "rootEmpty": true,
      "_timeout": 2000
    }
  ],
  "meta": {
    "mocha": {
      "version": "7.0.1"
    },
    "mochawesome": {
      "options": {
        "quiet": false,
        "reportFilename": "mochawesome",
        "saveHtml": false,
        "saveJson": true,
        "consoleReporter": "spec",
        "useInlineDiffs": false,
        "code": true
      },
      "version": "7.1.3"
    },
    "marge": {
      "options": {
        "reportDir": "cypress/results",
        "overwrite": false,
        "html": false,
        "json": true
      },
      "version": "6.2.0"
    }
  }
}