{
  "stats": {
    "suites": 0,
    "tests": 2,
    "passes": 2,
    "pending": 0,
    "failures": 0,
    "start": "2023-05-03T06:48:50.854Z",
    "end": "2023-05-03T06:49:06.944Z",
    "duration": 16090,
    "testsRegistered": 2,
    "passPercent": 100,
    "pendingPercent": 0,
    "other": 0,
    "hasOther": false,
    "skipped": 0,
    "hasSkipped": false
  },
  "results": [
    {
      "uuid": "5c378e19-f471-477e-81c2-8778071be01d",
      "title": "",
      "fullFile": "cypress/integration/testcases/Login.js",
      "file": "cypress/integration/testcases/Login.js",
      "beforeHooks": [],
      "afterHooks": [],
      "tests": [
        {
          "title": "C8727: LP - Login - Validate login with Multiple customers",
          "fullTitle": "C8727: LP - Login - Validate login with Multiple customers",
          "timedOut": null,
          "duration": 11966,
          "state": "passed",
          "speed": "slow",
          "pass": true,
          "fail": false,
          "pending": false,
          "context": null,
          "code": "cy.visit('/');",
          "err": {},
          "uuid": "a38b7ad5-3024-4e9f-8fa1-27fe5c4e4ea0",
          "parentUUID": "5c378e19-f471-477e-81c2-8778071be01d",
          "isHook": false,
          "skipped": false
        },
        {
          "title": "C8720: LP - Prospects - Lead Entry Form - Create a new lead",
          "fullTitle": "C8720: LP - Prospects - Lead Entry Form - Create a new lead",
          "timedOut": null,
          "duration": 3277,
          "state": "passed",
          "speed": "fast",
          "pass": true,
          "fail": false,
          "pending": false,
          "context": null,
          "code": "cy.visit('https://example.cypress.io');\n//cy.contains('TestRail');",
          "err": {},
          "uuid": "1cd6df01-959e-4c92-8a61-5edce945da61",
          "parentUUID": "5c378e19-f471-477e-81c2-8778071be01d",
          "isHook": false,
          "skipped": false
        }
      ],
      "suites": [],
      "passes": [
        "a38b7ad5-3024-4e9f-8fa1-27fe5c4e4ea0",
        "1cd6df01-959e-4c92-8a61-5edce945da61"
      ],
      "failures": [],
      "pending": [],
      "skipped": [],
      "duration": 15243,
      "root": true,
      "rootEmpty": false,
      "_timeout": 2000
    }
  ],
  "meta": {
    "mocha": {
      "version": "7.0.1"
    },
    "mochawesome": {
      "options": {
        "quiet": false,
        "reportFilename": "mochawesome",
        "saveHtml": false,
        "saveJson": true,
        "consoleReporter": "spec",
        "useInlineDiffs": false,
        "code": true
      },
      "version": "7.1.3"
    },
    "marge": {
      "options": {
        "reportDir": "cypress/results",
        "overwrite": false,
        "html": false,
        "json": true
      },
      "version": "6.2.0"
    }
  }
}