{
  "stats": {
    "suites": 0,
    "tests": 2,
    "passes": 2,
    "pending": 0,
    "failures": 0,
    "start": "2023-05-03T06:28:55.314Z",
    "end": "2023-05-03T06:28:57.766Z",
    "duration": 2452,
    "testsRegistered": 2,
    "passPercent": 100,
    "pendingPercent": 0,
    "other": 0,
    "hasOther": false,
    "skipped": 0,
    "hasSkipped": false
  },
  "results": [
    {
      "uuid": "b192e617-69b9-4123-be2c-f1282383aa3c",
      "title": "",
      "fullFile": "cypress/integration/testcases/Tc01.js",
      "file": "cypress/integration/testcases/Tc01.js",
      "beforeHooks": [],
      "afterHooks": [],
      "tests": [
        {
          "title": "C8727: LP - Login - Validate login with Multiple customers",
          "fullTitle": "C8727: LP - Login - Validate login with Multiple customers",
          "timedOut": null,
          "duration": 1458,
          "state": "passed",
          "speed": "fast",
          "pass": true,
          "fail": false,
          "pending": false,
          "context": null,
          "code": "cy.visit('https://example.cypress.io');",
          "err": {},
          "uuid": "88880a5f-2981-4790-b337-bd4eed9b85a7",
          "parentUUID": "b192e617-69b9-4123-be2c-f1282383aa3c",
          "isHook": false,
          "skipped": false
        },
        {
          "title": "C8720: LP - Prospects - Lead Entry Form - Create a new lead",
          "fullTitle": "C8720: LP - Prospects - Lead Entry Form - Create a new lead",
          "timedOut": null,
          "duration": 115,
          "state": "passed",
          "speed": "fast",
          "pass": true,
          "fail": false,
          "pending": false,
          "context": null,
          "code": "cy.visit('https://example.cypress.io');\n//cy.contains('TestRail');",
          "err": {},
          "uuid": "a7ff785a-3222-4d57-9d5e-81363521abf4",
          "parentUUID": "b192e617-69b9-4123-be2c-f1282383aa3c",
          "isHook": false,
          "skipped": false
        }
      ],
      "suites": [],
      "passes": [
        "88880a5f-2981-4790-b337-bd4eed9b85a7",
        "a7ff785a-3222-4d57-9d5e-81363521abf4"
      ],
      "failures": [],
      "pending": [],
      "skipped": [],
      "duration": 1573,
      "root": true,
      "rootEmpty": false,
      "_timeout": 2000
    }
  ],
  "meta": {
    "mocha": {
      "version": "7.0.1"
    },
    "mochawesome": {
      "options": {
        "quiet": false,
        "reportFilename": "mochawesome",
        "saveHtml": false,
        "saveJson": true,
        "consoleReporter": "spec",
        "useInlineDiffs": false,
        "code": true
      },
      "version": "7.1.3"
    },
    "marge": {
      "options": {
        "reportDir": "cypress/results",
        "overwrite": false,
        "html": false,
        "json": true
      },
      "version": "6.2.0"
    }
  }
}