{
  "stats": {
    "suites": 1,
    "tests": 3,
    "passes": 2,
    "pending": 1,
    "failures": 0,
    "start": "2023-05-03T19:02:20.544Z",
    "end": "2023-05-03T19:02:44.309Z",
    "duration": 23765,
    "testsRegistered": 3,
    "passPercent": 100,
    "pendingPercent": 33.33333333333333,
    "other": 0,
    "hasOther": false,
    "skipped": 0,
    "hasSkipped": false
  },
  "results": [
    {
      "uuid": "53c8800c-08f6-4dfd-ab1d-a9849e97e158",
      "title": "",
      "fullFile": "cypress/integration/RenuityCRM/tests/Login.js",
      "file": "cypress/integration/RenuityCRM/tests/Login.js",
      "beforeHooks": [],
      "afterHooks": [],
      "tests": [],
      "suites": [
        {
          "uuid": "03806f45-46c7-4ed4-ac5e-74bbc7794c5a",
          "title": "Login page tests",
          "fullFile": "",
          "file": "",
          "beforeHooks": [],
          "afterHooks": [],
          "tests": [
            {
              "title": "C11999: should show empty field error messages<smoke>",
              "fullTitle": "Login page tests C11999: should show empty field error messages<smoke>",
              "timedOut": null,
              "duration": 0,
              "state": "pending",
              "speed": null,
              "pass": false,
              "fail": false,
              "pending": true,
              "context": null,
              "code": "loginPage.clicksubmit();\nloginPage.getLoginFailureError().should('contain.text', 'Invalid Username/Password');",
              "err": {},
              "uuid": "2aa0201a-d11f-4774-ad5d-40d635c4af43",
              "parentUUID": "03806f45-46c7-4ed4-ac5e-74bbc7794c5a",
              "isHook": false,
              "skipped": false
            },
            {
              "title": "C12000: should show invalid email or password error message<smoke><sanity><regression>",
              "fullTitle": "Login page tests C12000: should show invalid email or password error message<smoke><sanity><regression>",
              "timedOut": null,
              "duration": 10583,
              "state": "passed",
              "speed": "slow",
              "pass": true,
              "fail": false,
              "pending": false,
              "context": null,
              "code": "loginPage.loginUser('incorrect@email.com', 'incorrect-password');\nloginPage.getLoginFailureError().should('contain.text', 'Invalid Username/Password');",
              "err": {},
              "uuid": "500fc739-6ea3-4ffd-9cf7-a72ffa45e4ae",
              "parentUUID": "03806f45-46c7-4ed4-ac5e-74bbc7794c5a",
              "isHook": false,
              "skipped": false
            },
            {
              "title": "C12001: user can successfully login and redirected to dashboard<regression>",
              "fullTitle": "Login page tests C12001: user can successfully login and redirected to dashboard<regression>",
              "timedOut": null,
              "duration": 13106,
              "state": "passed",
              "speed": "slow",
              "pass": true,
              "fail": false,
              "pending": false,
              "context": null,
              "code": "loginPage.loginUser(cred.username, cred.password);\ncy.url().should('not.include', 'Login');\ncy.wait(5000);\nloginPage.logoutUser();",
              "err": {},
              "uuid": "f84c290d-276a-4045-a86d-f27c9f2ad2f9",
              "parentUUID": "03806f45-46c7-4ed4-ac5e-74bbc7794c5a",
              "isHook": false,
              "skipped": false
            }
          ],
          "suites": [],
          "passes": [
            "500fc739-6ea3-4ffd-9cf7-a72ffa45e4ae",
            "f84c290d-276a-4045-a86d-f27c9f2ad2f9"
          ],
          "failures": [],
          "pending": [
            "2aa0201a-d11f-4774-ad5d-40d635c4af43"
          ],
          "skipped": [],
          "duration": 23689,
          "root": false,
          "rootEmpty": false,
          "_timeout": 2000
        }
      ],
      "passes": [],
      "failures": [],
      "pending": [],
      "skipped": [],
      "duration": 0,
      "root": true,
      "rootEmpty": true,
      "_timeout": 2000
    }
  ],
  "meta": {
    "mocha": {
      "version": "7.0.1"
    },
    "mochawesome": {
      "options": {
        "quiet": false,
        "reportFilename": "mochawesome",
        "saveHtml": false,
        "saveJson": true,
        "consoleReporter": "spec",
        "useInlineDiffs": false,
        "code": true
      },
      "version": "7.1.3"
    },
    "marge": {
      "options": {
        "reportDir": "cypress/results",
        "overwrite": false,
        "html": false,
        "json": true
      },
      "version": "6.2.0"
    }
  }
}