{
  "stats": {
    "suites": 1,
    "tests": 2,
    "passes": 2,
    "pending": 0,
    "failures": 0,
    "start": "2023-05-03T08:16:43.589Z",
    "end": "2023-05-03T08:16:54.013Z",
    "duration": 10424,
    "testsRegistered": 2,
    "passPercent": 100,
    "pendingPercent": 0,
    "other": 0,
    "hasOther": false,
    "skipped": 0,
    "hasSkipped": false
  },
  "results": [
    {
      "uuid": "196d1093-c9db-4c87-8e91-aa917f58aa85",
      "title": "",
      "fullFile": "cypress/integration/testcases/Login.js",
      "file": "cypress/integration/testcases/Login.js",
      "beforeHooks": [],
      "afterHooks": [],
      "tests": [],
      "suites": [
        {
          "uuid": "5431acd5-402a-492a-b10f-4ff7f552c3cf",
          "title": "LP Sanity Test",
          "fullFile": "",
          "file": "",
          "beforeHooks": [],
          "afterHooks": [],
          "tests": [
            {
              "title": "C8727: LP - Login - Validate login with Multiple customers",
              "fullTitle": "LP Sanity Test C8727: LP - Login - Validate login with Multiple customers",
              "timedOut": null,
              "duration": 10366,
              "state": "passed",
              "speed": "slow",
              "pass": true,
              "fail": false,
              "pending": false,
              "context": null,
              "code": "const loginPage = new _LoginPage.default();\ncy.visit('/');\ncy.url().should('include', 'leadperfection');\nloginPage.getusername().type(cred.username).should('have.value', cred.username);\nloginPage.getpassword().type(cred.password);\nloginPage.getloginbutton().click({\n  force: true\n});",
              "err": {},
              "uuid": "cb7011e9-fb31-4caf-83f0-83086d9ef508",
              "parentUUID": "5431acd5-402a-492a-b10f-4ff7f552c3cf",
              "isHook": false,
              "skipped": false
            },
            {
              "title": "C8720: LP - Prospects - Lead Entry Form - Create a new lead",
              "fullTitle": "LP Sanity Test C8720: LP - Prospects - Lead Entry Form - Create a new lead",
              "timedOut": null,
              "duration": 45,
              "state": "passed",
              "speed": "fast",
              "pass": true,
              "fail": false,
              "pending": false,
              "context": null,
              "code": "cy.visit('/');\ncy.url().should('include', 'LP');",
              "err": {},
              "uuid": "4ad7189d-7537-4fe5-87e6-2b45ed1435b2",
              "parentUUID": "5431acd5-402a-492a-b10f-4ff7f552c3cf",
              "isHook": false,
              "skipped": false
            }
          ],
          "suites": [],
          "passes": [
            "cb7011e9-fb31-4caf-83f0-83086d9ef508",
            "4ad7189d-7537-4fe5-87e6-2b45ed1435b2"
          ],
          "failures": [],
          "pending": [],
          "skipped": [],
          "duration": 10411,
          "root": false,
          "rootEmpty": false,
          "_timeout": 2000
        }
      ],
      "passes": [],
      "failures": [],
      "pending": [],
      "skipped": [],
      "duration": 0,
      "root": true,
      "rootEmpty": true,
      "_timeout": 2000
    }
  ],
  "meta": {
    "mocha": {
      "version": "7.0.1"
    },
    "mochawesome": {
      "options": {
        "quiet": false,
        "reportFilename": "mochawesome",
        "saveHtml": false,
        "saveJson": true,
        "consoleReporter": "spec",
        "useInlineDiffs": false,
        "code": true
      },
      "version": "7.1.3"
    },
    "marge": {
      "options": {
        "reportDir": "cypress/results",
        "overwrite": false,
        "html": false,
        "json": true
      },
      "version": "6.2.0"
    }
  }
}