{
  "stats": {
    "suites": 1,
    "tests": 2,
    "passes": 2,
    "pending": 0,
    "failures": 0,
    "start": "2023-05-03T07:48:50.691Z",
    "end": "2023-05-03T07:49:01.673Z",
    "duration": 10982,
    "testsRegistered": 2,
    "passPercent": 100,
    "pendingPercent": 0,
    "other": 0,
    "hasOther": false,
    "skipped": 0,
    "hasSkipped": false
  },
  "results": [
    {
      "uuid": "432d2496-c809-4b80-8dcb-7985a326eeee",
      "title": "",
      "fullFile": "cypress/integration/testcases/Login.js",
      "file": "cypress/integration/testcases/Login.js",
      "beforeHooks": [],
      "afterHooks": [],
      "tests": [],
      "suites": [
        {
          "uuid": "56c438e6-679a-42ac-87ec-71c166673151",
          "title": "LP Sanity Test",
          "fullFile": "",
          "file": "",
          "beforeHooks": [],
          "afterHooks": [],
          "tests": [
            {
              "title": "C8727: LP - Login - Validate login with Multiple customers",
              "fullTitle": "LP Sanity Test C8727: LP - Login - Validate login with Multiple customers",
              "timedOut": null,
              "duration": 10932,
              "state": "passed",
              "speed": "slow",
              "pass": true,
              "fail": false,
              "pending": false,
              "context": null,
              "code": "const loginPage = new _LoginPage.default();\ncy.visit('/');\ncy.url().should('include', 'leadperfection');\nloginPage.getusername().type(cred.username).should('have.value', cred.username);\nloginPage.getpassword().type(cred.password);\nloginPage.getloginbutton().click({\n  force: true\n});",
              "err": {},
              "uuid": "50756683-19b7-43d3-b033-e5b372924d39",
              "parentUUID": "56c438e6-679a-42ac-87ec-71c166673151",
              "isHook": false,
              "skipped": false
            },
            {
              "title": "C8720: LP - Prospects - Lead Entry Form - Create a new lead",
              "fullTitle": "LP Sanity Test C8720: LP - Prospects - Lead Entry Form - Create a new lead",
              "timedOut": null,
              "duration": 35,
              "state": "passed",
              "speed": "fast",
              "pass": true,
              "fail": false,
              "pending": false,
              "context": null,
              "code": "cy.visit('/');\n//cy.contains('TestRail');",
              "err": {},
              "uuid": "7a2e14dc-0659-4b32-974c-d274f58c04bc",
              "parentUUID": "56c438e6-679a-42ac-87ec-71c166673151",
              "isHook": false,
              "skipped": false
            }
          ],
          "suites": [],
          "passes": [
            "50756683-19b7-43d3-b033-e5b372924d39",
            "7a2e14dc-0659-4b32-974c-d274f58c04bc"
          ],
          "failures": [],
          "pending": [],
          "skipped": [],
          "duration": 10967,
          "root": false,
          "rootEmpty": false,
          "_timeout": 2000
        }
      ],
      "passes": [],
      "failures": [],
      "pending": [],
      "skipped": [],
      "duration": 0,
      "root": true,
      "rootEmpty": true,
      "_timeout": 2000
    }
  ],
  "meta": {
    "mocha": {
      "version": "7.0.1"
    },
    "mochawesome": {
      "options": {
        "quiet": false,
        "reportFilename": "mochawesome",
        "saveHtml": false,
        "saveJson": true,
        "consoleReporter": "spec",
        "useInlineDiffs": false,
        "code": true
      },
      "version": "7.1.3"
    },
    "marge": {
      "options": {
        "reportDir": "cypress/results",
        "overwrite": false,
        "html": false,
        "json": true
      },
      "version": "6.2.0"
    }
  }
}