{
  "stats": {
    "suites": 0,
    "tests": 2,
    "passes": 2,
    "pending": 0,
    "failures": 0,
    "start": "2023-05-03T06:58:25.404Z",
    "end": "2023-05-03T06:58:41.279Z",
    "duration": 15875,
    "testsRegistered": 2,
    "passPercent": 100,
    "pendingPercent": 0,
    "other": 0,
    "hasOther": false,
    "skipped": 0,
    "hasSkipped": false
  },
  "results": [
    {
      "uuid": "7c6480de-dd65-422e-9e99-ecb4ffd4fa1a",
      "title": "",
      "fullFile": "cypress/integration/testcases/Login.js",
      "file": "cypress/integration/testcases/Login.js",
      "beforeHooks": [],
      "afterHooks": [],
      "tests": [
        {
          "title": "C8727: LP - Login - Validate login with Multiple customers",
          "fullTitle": "C8727: LP - Login - Validate login with Multiple customers",
          "timedOut": null,
          "duration": 15841,
          "state": "passed",
          "speed": "slow",
          "pass": true,
          "fail": false,
          "pending": false,
          "context": null,
          "code": "cy.visit('/');\ncy.url().should('include', 'leadperfection');\ncy.get('#txtUserName').type('kaycock').should('have.value', 'kaycock');\ncy.get('#txtPassword').type('kaycock');\ncy.get('#btnLogin').click({\n  force: true\n});",
          "err": {},
          "uuid": "adc82eda-246a-437b-b4c6-916dc08e8728",
          "parentUUID": "7c6480de-dd65-422e-9e99-ecb4ffd4fa1a",
          "isHook": false,
          "skipped": false
        },
        {
          "title": "C8720: LP - Prospects - Lead Entry Form - Create a new lead",
          "fullTitle": "C8720: LP - Prospects - Lead Entry Form - Create a new lead",
          "timedOut": null,
          "duration": 27,
          "state": "passed",
          "speed": "fast",
          "pass": true,
          "fail": false,
          "pending": false,
          "context": null,
          "code": "cy.visit('https://example.cypress.io');\n//cy.contains('TestRail');",
          "err": {},
          "uuid": "21e0155d-b701-49da-9df3-b782115bb1cb",
          "parentUUID": "7c6480de-dd65-422e-9e99-ecb4ffd4fa1a",
          "isHook": false,
          "skipped": false
        }
      ],
      "suites": [],
      "passes": [
        "adc82eda-246a-437b-b4c6-916dc08e8728",
        "21e0155d-b701-49da-9df3-b782115bb1cb"
      ],
      "failures": [],
      "pending": [],
      "skipped": [],
      "duration": 15868,
      "root": true,
      "rootEmpty": false,
      "_timeout": 2000
    }
  ],
  "meta": {
    "mocha": {
      "version": "7.0.1"
    },
    "mochawesome": {
      "options": {
        "quiet": false,
        "reportFilename": "mochawesome",
        "saveHtml": false,
        "saveJson": true,
        "consoleReporter": "spec",
        "useInlineDiffs": false,
        "code": true
      },
      "version": "7.1.3"
    },
    "marge": {
      "options": {
        "reportDir": "cypress/results",
        "overwrite": false,
        "html": false,
        "json": true
      },
      "version": "6.2.0"
    }
  }
}