{
  "stats": {
    "suites": 1,
    "tests": 2,
    "passes": 1,
    "pending": 0,
    "failures": 1,
    "start": "2023-05-03T07:12:58.014Z",
    "end": "2023-05-03T07:13:00.494Z",
    "duration": 2480,
    "testsRegistered": 2,
    "passPercent": 50,
    "pendingPercent": 0,
    "other": 0,
    "hasOther": false,
    "skipped": 0,
    "hasSkipped": false
  },
  "results": [
    {
      "uuid": "814c2bcc-529f-4d53-a15a-dcc7018693f8",
      "title": "",
      "fullFile": "cypress/integration/testcases/Login.js",
      "file": "cypress/integration/testcases/Login.js",
      "beforeHooks": [],
      "afterHooks": [],
      "tests": [],
      "suites": [
        {
          "uuid": "fd929e74-547e-4690-8890-2af578b3068f",
          "title": "LP Sanity Test",
          "fullFile": "",
          "file": "",
          "beforeHooks": [],
          "afterHooks": [],
          "tests": [
            {
              "title": "C8727: LP - Login - Validate login with Multiple customers",
              "fullTitle": "LP Sanity Test C8727: LP - Login - Validate login with Multiple customers",
              "timedOut": null,
              "duration": 145,
              "state": "failed",
              "speed": null,
              "pass": false,
              "fail": true,
              "pending": false,
              "context": null,
              "code": "const loginPage = new _LoginPage.default();\ncy.visit('/');\ncy.url().should('include', 'leadperfection');\nloginPage.getusername().type('kaycock').should('have.value', 'kaycock');\nloginPage.getpassword().type('kaycock');\nloginPage.getloginbutton().click({\n  force: true\n});",
              "err": {
                "message": "TypeError: Cannot read properties of undefined (reading 'click')",
                "estack": "TypeError: Cannot read properties of undefined (reading 'click')\n    at Context.eval (webpack:///./cypress/integration/testcases/Login.js:12:31)",
                "diff": null
              },
              "uuid": "d63330a2-5fb5-440d-9acb-7961138df388",
              "parentUUID": "fd929e74-547e-4690-8890-2af578b3068f",
              "isHook": false,
              "skipped": false
            },
            {
              "title": "C8720: LP - Prospects - Lead Entry Form - Create a new lead",
              "fullTitle": "LP Sanity Test C8720: LP - Prospects - Lead Entry Form - Create a new lead",
              "timedOut": null,
              "duration": 1455,
              "state": "passed",
              "speed": "fast",
              "pass": true,
              "fail": false,
              "pending": false,
              "context": null,
              "code": "cy.visit('https://example.cypress.io');\n//cy.contains('TestRail');",
              "err": {},
              "uuid": "5cbfb7a7-3003-4e32-a1f0-b30ed545cd63",
              "parentUUID": "fd929e74-547e-4690-8890-2af578b3068f",
              "isHook": false,
              "skipped": false
            }
          ],
          "suites": [],
          "passes": [
            "5cbfb7a7-3003-4e32-a1f0-b30ed545cd63"
          ],
          "failures": [
            "d63330a2-5fb5-440d-9acb-7961138df388"
          ],
          "pending": [],
          "skipped": [],
          "duration": 1600,
          "root": false,
          "rootEmpty": false,
          "_timeout": 2000
        }
      ],
      "passes": [],
      "failures": [],
      "pending": [],
      "skipped": [],
      "duration": 0,
      "root": true,
      "rootEmpty": true,
      "_timeout": 2000
    }
  ],
  "meta": {
    "mocha": {
      "version": "7.0.1"
    },
    "mochawesome": {
      "options": {
        "quiet": false,
        "reportFilename": "mochawesome",
        "saveHtml": false,
        "saveJson": true,
        "consoleReporter": "spec",
        "useInlineDiffs": false,
        "code": true
      },
      "version": "7.1.3"
    },
    "marge": {
      "options": {
        "reportDir": "cypress/results",
        "overwrite": false,
        "html": false,
        "json": true
      },
      "version": "6.2.0"
    }
  }
}