{
  "stats": {
    "suites": 1,
    "tests": 3,
    "passes": 2,
    "pending": 1,
    "failures": 0,
    "start": "2023-05-04T13:33:46.001Z",
    "end": "2023-05-04T13:33:57.275Z",
    "duration": 11274,
    "testsRegistered": 3,
    "passPercent": 100,
    "pendingPercent": 33.33333333333333,
    "other": 0,
    "hasOther": false,
    "skipped": 0,
    "hasSkipped": false
  },
  "results": [
    {
      "uuid": "a6d7f00c-22fb-4681-a7d7-53e84ebdb4f0",
      "title": "",
      "fullFile": "cypress/integration/RenuityCRM/tests/Login.js",
      "file": "cypress/integration/RenuityCRM/tests/Login.js",
      "beforeHooks": [],
      "afterHooks": [],
      "tests": [],
      "suites": [
        {
          "uuid": "13650f42-056f-4486-a0e3-a47460a974c0",
          "title": "Login page tests",
          "fullFile": "",
          "file": "",
          "beforeHooks": [],
          "afterHooks": [],
          "tests": [
            {
              "title": "C11999: should show empty field error messages<smoke>",
              "fullTitle": "Login page tests C11999: should show empty field error messages<smoke>",
              "timedOut": null,
              "duration": 9133,
              "state": "passed",
              "speed": "medium",
              "pass": true,
              "fail": false,
              "pending": false,
              "context": null,
              "code": "loginPage.clicksubmit();\nloginPage.getLoginFailureError().should('contain.text', 'Invalid Username/Password');",
              "err": {},
              "uuid": "1ede251d-430e-4d73-b943-d6208fe026c0",
              "parentUUID": "13650f42-056f-4486-a0e3-a47460a974c0",
              "isHook": false,
              "skipped": false
            },
            {
              "title": "C12000: should show invalid email or password error message<smoke><sanity><regression>",
              "fullTitle": "Login page tests C12000: should show invalid email or password error message<smoke><sanity><regression>",
              "timedOut": null,
              "duration": 2105,
              "state": "passed",
              "speed": "fast",
              "pass": true,
              "fail": false,
              "pending": false,
              "context": null,
              "code": "loginPage.loginUser('incorrect@email.com', 'incorrect-password');\nloginPage.getLoginFailureError().should('contain.text', 'Invalid Username/Password');",
              "err": {},
              "uuid": "73304ce0-fd5b-4c94-88c5-a2e7392cb896",
              "parentUUID": "13650f42-056f-4486-a0e3-a47460a974c0",
              "isHook": false,
              "skipped": false
            },
            {
              "title": "C12001: user can successfully login and redirected to dashboard<regression>",
              "fullTitle": "Login page tests C12001: user can successfully login and redirected to dashboard<regression>",
              "timedOut": null,
              "duration": 0,
              "state": "pending",
              "speed": null,
              "pass": false,
              "fail": false,
              "pending": true,
              "context": null,
              "code": "loginPage.loginUser(cred.username, cred.password);\ncy.url().should('not.include', 'Login');\ncy.wait(5000);\nloginPage.logoutUser();",
              "err": {},
              "uuid": "02a046e3-b70a-48e2-9b65-d359a4d66941",
              "parentUUID": "13650f42-056f-4486-a0e3-a47460a974c0",
              "isHook": false,
              "skipped": false
            }
          ],
          "suites": [],
          "passes": [
            "1ede251d-430e-4d73-b943-d6208fe026c0",
            "73304ce0-fd5b-4c94-88c5-a2e7392cb896"
          ],
          "failures": [],
          "pending": [
            "02a046e3-b70a-48e2-9b65-d359a4d66941"
          ],
          "skipped": [],
          "duration": 11238,
          "root": false,
          "rootEmpty": false,
          "_timeout": 2000
        }
      ],
      "passes": [],
      "failures": [],
      "pending": [],
      "skipped": [],
      "duration": 0,
      "root": true,
      "rootEmpty": true,
      "_timeout": 2000
    }
  ],
  "meta": {
    "mocha": {
      "version": "7.0.1"
    },
    "mochawesome": {
      "options": {
        "quiet": false,
        "reportFilename": "mochawesome",
        "saveHtml": false,
        "saveJson": true,
        "consoleReporter": "spec",
        "useInlineDiffs": false,
        "code": true
      },
      "version": "7.1.3"
    },
    "marge": {
      "options": {
        "reportDir": "cypress/results",
        "overwrite": false,
        "html": false,
        "json": true
      },
      "version": "6.2.0"
    }
  }
}