{
  "stats": {
    "suites": 1,
    "tests": 3,
    "passes": 0,
    "pending": 0,
    "failures": 3,
    "start": "2023-05-03T18:30:09.291Z",
    "end": "2023-05-03T18:30:19.888Z",
    "duration": 10597,
    "testsRegistered": 3,
    "passPercent": 0,
    "pendingPercent": 0,
    "other": 0,
    "hasOther": false,
    "skipped": 0,
    "hasSkipped": false
  },
  "results": [
    {
      "uuid": "5ed2558d-445b-42c7-be0d-58eeaddefcb3",
      "title": "",
      "fullFile": "cypress/integration/RenuityCRM/tests/Login.js",
      "file": "cypress/integration/RenuityCRM/tests/Login.js",
      "beforeHooks": [],
      "afterHooks": [],
      "tests": [],
      "suites": [
        {
          "uuid": "5a8388be-13d9-4b14-b396-fe47463ba2cb",
          "title": "Login page tests",
          "fullFile": "",
          "file": "",
          "beforeHooks": [],
          "afterHooks": [],
          "tests": [
            {
              "title": "C11999: should show empty field error messages",
              "fullTitle": "Login page tests C11999: should show empty field error messages",
              "timedOut": null,
              "duration": 8476,
              "state": "failed",
              "speed": null,
              "pass": false,
              "fail": true,
              "pending": false,
              "context": null,
              "code": "loginPage.clickSubmit();\nloginPage.getLoginFailureError().should('contain.text', 'Invalid Username/Password');",
              "err": {
                "message": "TypeError: loginPage.clickSubmit is not a function",
                "estack": "TypeError: loginPage.clickSubmit is not a function\n    at Context.eval (webpack:///./cypress/integration/RenuityCRM/tests/Login.js:18:18)",
                "diff": null
              },
              "uuid": "8d2bfce4-8339-4d21-9256-13c3c86d0490",
              "parentUUID": "5a8388be-13d9-4b14-b396-fe47463ba2cb",
              "isHook": false,
              "skipped": false
            },
            {
              "title": "C12000: should show invalid email or password error message",
              "fullTitle": "Login page tests C12000: should show invalid email or password error message",
              "timedOut": null,
              "duration": 1036,
              "state": "failed",
              "speed": null,
              "pass": false,
              "fail": true,
              "pending": false,
              "context": null,
              "code": "loginPage.loginUser('incorrect@email.com', 'incorrect-password');\nloginPage.getLoginFailureError().should('contain.text', 'Invalid Username/Password');",
              "err": {
                "message": "TypeError: this.clickSubmit is not a function",
                "estack": "TypeError: this.clickSubmit is not a function\n    at LoginPage.loginUser (webpack:///./cypress/integration/RenuityCRM/pages/LoginPage.js:6:13)\n    at Context.eval (webpack:///./cypress/integration/RenuityCRM/tests/Login.js:23:18)",
                "diff": null
              },
              "uuid": "aedb46ef-40a3-44c3-b3cb-621841c9c129",
              "parentUUID": "5a8388be-13d9-4b14-b396-fe47463ba2cb",
              "isHook": false,
              "skipped": false
            },
            {
              "title": "C12001: user can successfully login and redirected to dashboard",
              "fullTitle": "Login page tests C12001: user can successfully login and redirected to dashboard",
              "timedOut": null,
              "duration": 1056,
              "state": "failed",
              "speed": null,
              "pass": false,
              "fail": true,
              "pending": false,
              "context": null,
              "code": "loginPage.loginUser(cred.username, cred.password);\ncy.url().should('not.include', 'Login');\ncy.wait(5000);\nloginPage.logoutUser();",
              "err": {
                "message": "TypeError: this.clickSubmit is not a function",
                "estack": "TypeError: this.clickSubmit is not a function\n    at LoginPage.loginUser (webpack:///./cypress/integration/RenuityCRM/pages/LoginPage.js:6:13)\n    at Context.eval (webpack:///./cypress/integration/RenuityCRM/tests/Login.js:28:18)",
                "diff": null
              },
              "uuid": "3e51bc8a-f6e3-4068-b47e-7847666f4fc6",
              "parentUUID": "5a8388be-13d9-4b14-b396-fe47463ba2cb",
              "isHook": false,
              "skipped": false
            }
          ],
          "suites": [],
          "passes": [],
          "failures": [
            "8d2bfce4-8339-4d21-9256-13c3c86d0490",
            "aedb46ef-40a3-44c3-b3cb-621841c9c129",
            "3e51bc8a-f6e3-4068-b47e-7847666f4fc6"
          ],
          "pending": [],
          "skipped": [],
          "duration": 10568,
          "root": false,
          "rootEmpty": false,
          "_timeout": 2000
        }
      ],
      "passes": [],
      "failures": [],
      "pending": [],
      "skipped": [],
      "duration": 0,
      "root": true,
      "rootEmpty": true,
      "_timeout": 2000
    }
  ],
  "meta": {
    "mocha": {
      "version": "7.0.1"
    },
    "mochawesome": {
      "options": {
        "quiet": false,
        "reportFilename": "mochawesome",
        "saveHtml": false,
        "saveJson": true,
        "consoleReporter": "spec",
        "useInlineDiffs": false,
        "code": true
      },
      "version": "7.1.3"
    },
    "marge": {
      "options": {
        "reportDir": "cypress/results",
        "overwrite": false,
        "html": false,
        "json": true
      },
      "version": "6.2.0"
    }
  }
}