{
  "stats": {
    "suites": 1,
    "tests": 3,
    "passes": 2,
    "pending": 1,
    "failures": 0,
    "start": "2023-05-03T19:10:16.312Z",
    "end": "2023-05-03T19:10:26.308Z",
    "duration": 9996,
    "testsRegistered": 3,
    "passPercent": 100,
    "pendingPercent": 33.33333333333333,
    "other": 0,
    "hasOther": false,
    "skipped": 0,
    "hasSkipped": false
  },
  "results": [
    {
      "uuid": "32287302-de68-4599-a350-954546bd1ab8",
      "title": "",
      "fullFile": "cypress/integration/RenuityCRM/tests/Login.js",
      "file": "cypress/integration/RenuityCRM/tests/Login.js",
      "beforeHooks": [],
      "afterHooks": [],
      "tests": [],
      "suites": [
        {
          "uuid": "3fb28142-b97d-44d3-825c-c03ce7b5eed0",
          "title": "Login page tests",
          "fullFile": "",
          "file": "",
          "beforeHooks": [],
          "afterHooks": [],
          "tests": [
            {
              "title": "C11999: should show empty field error messages<smoke>",
              "fullTitle": "Login page tests C11999: should show empty field error messages<smoke>",
              "timedOut": null,
              "duration": 8166,
              "state": "passed",
              "speed": "medium",
              "pass": true,
              "fail": false,
              "pending": false,
              "context": null,
              "code": "loginPage.clicksubmit();\nloginPage.getLoginFailureError().should('contain.text', 'Invalid Username/Password');",
              "err": {},
              "uuid": "de7c2434-91e0-4b3b-8812-6acb06c4776d",
              "parentUUID": "3fb28142-b97d-44d3-825c-c03ce7b5eed0",
              "isHook": false,
              "skipped": false
            },
            {
              "title": "C12000: should show invalid email or password error message<smoke><sanity><regression>",
              "fullTitle": "Login page tests C12000: should show invalid email or password error message<smoke><sanity><regression>",
              "timedOut": null,
              "duration": 1792,
              "state": "passed",
              "speed": "fast",
              "pass": true,
              "fail": false,
              "pending": false,
              "context": null,
              "code": "loginPage.loginUser('incorrect@email.com', 'incorrect-password');\nloginPage.getLoginFailureError().should('contain.text', 'Invalid Username/Password');",
              "err": {},
              "uuid": "465e0d60-6bd3-4477-a05a-2c22df22da9b",
              "parentUUID": "3fb28142-b97d-44d3-825c-c03ce7b5eed0",
              "isHook": false,
              "skipped": false
            },
            {
              "title": "C12001: user can successfully login and redirected to dashboard<regression>",
              "fullTitle": "Login page tests C12001: user can successfully login and redirected to dashboard<regression>",
              "timedOut": null,
              "duration": 0,
              "state": "pending",
              "speed": null,
              "pass": false,
              "fail": false,
              "pending": true,
              "context": null,
              "code": "loginPage.loginUser(cred.username, cred.password);\ncy.url().should('not.include', 'Login');\ncy.wait(5000);\nloginPage.logoutUser();",
              "err": {},
              "uuid": "a7c2422e-5604-43d7-9312-71dc31f31930",
              "parentUUID": "3fb28142-b97d-44d3-825c-c03ce7b5eed0",
              "isHook": false,
              "skipped": false
            }
          ],
          "suites": [],
          "passes": [
            "de7c2434-91e0-4b3b-8812-6acb06c4776d",
            "465e0d60-6bd3-4477-a05a-2c22df22da9b"
          ],
          "failures": [],
          "pending": [
            "a7c2422e-5604-43d7-9312-71dc31f31930"
          ],
          "skipped": [],
          "duration": 9958,
          "root": false,
          "rootEmpty": false,
          "_timeout": 2000
        }
      ],
      "passes": [],
      "failures": [],
      "pending": [],
      "skipped": [],
      "duration": 0,
      "root": true,
      "rootEmpty": true,
      "_timeout": 2000
    }
  ],
  "meta": {
    "mocha": {
      "version": "7.0.1"
    },
    "mochawesome": {
      "options": {
        "quiet": false,
        "reportFilename": "mochawesome",
        "saveHtml": false,
        "saveJson": true,
        "consoleReporter": "spec",
        "useInlineDiffs": false,
        "code": true
      },
      "version": "7.1.3"
    },
    "marge": {
      "options": {
        "reportDir": "cypress/results",
        "overwrite": false,
        "html": false,
        "json": true
      },
      "version": "6.2.0"
    }
  }
}