{
  "stats": {
    "suites": 1,
    "tests": 3,
    "passes": 3,
    "pending": 0,
    "failures": 0,
    "start": "2023-05-03T18:35:54.712Z",
    "end": "2023-05-03T18:36:14.128Z",
    "duration": 19416,
    "testsRegistered": 3,
    "passPercent": 100,
    "pendingPercent": 0,
    "other": 0,
    "hasOther": false,
    "skipped": 0,
    "hasSkipped": false
  },
  "results": [
    {
      "uuid": "7f29e753-2bd9-4005-be3e-e0c883c37cc8",
      "title": "",
      "fullFile": "cypress/integration/RenuityCRM/tests/Login.js",
      "file": "cypress/integration/RenuityCRM/tests/Login.js",
      "beforeHooks": [],
      "afterHooks": [],
      "tests": [],
      "suites": [
        {
          "uuid": "e1cabe29-572c-48f8-a1f1-0af0c13a8086",
          "title": "Login page tests",
          "fullFile": "",
          "file": "",
          "beforeHooks": [],
          "afterHooks": [],
          "tests": [
            {
              "title": "C11999: should show empty field error messages",
              "fullTitle": "Login page tests C11999: should show empty field error messages",
              "timedOut": null,
              "duration": 5785,
              "state": "passed",
              "speed": "medium",
              "pass": true,
              "fail": false,
              "pending": false,
              "context": null,
              "code": "loginPage.clicksubmit();\nloginPage.getLoginFailureError().should('contain.text', 'Invalid Username/Password');",
              "err": {},
              "uuid": "e15e9858-7200-4d30-8ac7-59a9c93bbaf1",
              "parentUUID": "e1cabe29-572c-48f8-a1f1-0af0c13a8086",
              "isHook": false,
              "skipped": false
            },
            {
              "title": "C12000: should show invalid email or password error message",
              "fullTitle": "Login page tests C12000: should show invalid email or password error message",
              "timedOut": null,
              "duration": 1961,
              "state": "passed",
              "speed": "fast",
              "pass": true,
              "fail": false,
              "pending": false,
              "context": null,
              "code": "loginPage.loginUser('incorrect@email.com', 'incorrect-password');\nloginPage.getLoginFailureError().should('contain.text', 'Invalid Username/Password');",
              "err": {},
              "uuid": "53f4eef3-e2a8-4051-9d28-5770ab64b836",
              "parentUUID": "e1cabe29-572c-48f8-a1f1-0af0c13a8086",
              "isHook": false,
              "skipped": false
            },
            {
              "title": "C12001: user can successfully login and redirected to dashboard",
              "fullTitle": "Login page tests C12001: user can successfully login and redirected to dashboard",
              "timedOut": null,
              "duration": 11654,
              "state": "passed",
              "speed": "slow",
              "pass": true,
              "fail": false,
              "pending": false,
              "context": null,
              "code": "loginPage.loginUser(cred.username, cred.password);\ncy.url().should('not.include', 'Login');\ncy.wait(5000);\nloginPage.logoutUser();",
              "err": {},
              "uuid": "891f0625-ba0b-4513-86fe-fc9db21bf51c",
              "parentUUID": "e1cabe29-572c-48f8-a1f1-0af0c13a8086",
              "isHook": false,
              "skipped": false
            }
          ],
          "suites": [],
          "passes": [
            "e15e9858-7200-4d30-8ac7-59a9c93bbaf1",
            "53f4eef3-e2a8-4051-9d28-5770ab64b836",
            "891f0625-ba0b-4513-86fe-fc9db21bf51c"
          ],
          "failures": [],
          "pending": [],
          "skipped": [],
          "duration": 19400,
          "root": false,
          "rootEmpty": false,
          "_timeout": 2000
        }
      ],
      "passes": [],
      "failures": [],
      "pending": [],
      "skipped": [],
      "duration": 0,
      "root": true,
      "rootEmpty": true,
      "_timeout": 2000
    }
  ],
  "meta": {
    "mocha": {
      "version": "7.0.1"
    },
    "mochawesome": {
      "options": {
        "quiet": false,
        "reportFilename": "mochawesome",
        "saveHtml": false,
        "saveJson": true,
        "consoleReporter": "spec",
        "useInlineDiffs": false,
        "code": true
      },
      "version": "7.1.3"
    },
    "marge": {
      "options": {
        "reportDir": "cypress/results",
        "overwrite": false,
        "html": false,
        "json": true
      },
      "version": "6.2.0"
    }
  }
}