{
  "stats": {
    "suites": 0,
    "tests": 2,
    "passes": 1,
    "pending": 0,
    "failures": 1,
    "start": "2023-05-03T06:26:52.168Z",
    "end": "2023-05-03T06:26:58.884Z",
    "duration": 6716,
    "testsRegistered": 2,
    "passPercent": 50,
    "pendingPercent": 0,
    "other": 0,
    "hasOther": false,
    "skipped": 0,
    "hasSkipped": false
  },
  "results": [
    {
      "uuid": "ff495388-89c9-40fc-97d9-1f358f6951f5",
      "title": "",
      "fullFile": "cypress/integration/testcases/Tc01.js",
      "file": "cypress/integration/testcases/Tc01.js",
      "beforeHooks": [],
      "afterHooks": [],
      "tests": [
        {
          "title": "C8727: LP - Login - Validate login with Multiple customers",
          "fullTitle": "C8727: LP - Login - Validate login with Multiple customers",
          "timedOut": null,
          "duration": 1304,
          "state": "passed",
          "speed": "fast",
          "pass": true,
          "fail": false,
          "pending": false,
          "context": null,
          "code": "cy.visit('https://example.cypress.io');",
          "err": {},
          "uuid": "d603a457-7584-4c21-90d7-bf82f02b5e88",
          "parentUUID": "ff495388-89c9-40fc-97d9-1f358f6951f5",
          "isHook": false,
          "skipped": false
        },
        {
          "title": "C8720: LP - Prospects - Lead Entry Form - Create a new lead",
          "fullTitle": "C8720: LP - Prospects - Lead Entry Form - Create a new lead",
          "timedOut": null,
          "duration": 4350,
          "state": "failed",
          "speed": null,
          "pass": false,
          "fail": true,
          "pending": false,
          "context": null,
          "code": "cy.visit('https://example.cypress.io');\ncy.contains('TestRail');",
          "err": {
            "message": "AssertionError: Timed out retrying after 4000ms: Expected to find content: 'TestRail' but never did.",
            "estack": "AssertionError: Timed out retrying after 4000ms: Expected to find content: 'TestRail' but never did.\n    at Context.eval (webpack:///./cypress/integration/testcases/Tc01.js:8:7)",
            "diff": null
          },
          "uuid": "bef77ac7-03a1-4331-ae9b-8aa486515d45",
          "parentUUID": "ff495388-89c9-40fc-97d9-1f358f6951f5",
          "isHook": false,
          "skipped": false
        }
      ],
      "suites": [],
      "passes": [
        "d603a457-7584-4c21-90d7-bf82f02b5e88"
      ],
      "failures": [
        "bef77ac7-03a1-4331-ae9b-8aa486515d45"
      ],
      "pending": [],
      "skipped": [],
      "duration": 5654,
      "root": true,
      "rootEmpty": false,
      "_timeout": 2000
    }
  ],
  "meta": {
    "mocha": {
      "version": "7.0.1"
    },
    "mochawesome": {
      "options": {
        "quiet": false,
        "reportFilename": "mochawesome",
        "saveHtml": false,
        "saveJson": true,
        "consoleReporter": "spec",
        "useInlineDiffs": false,
        "code": true
      },
      "version": "7.1.3"
    },
    "marge": {
      "options": {
        "reportDir": "cypress/results",
        "overwrite": false,
        "html": false,
        "json": true
      },
      "version": "6.2.0"
    }
  }
}